c:\users\user\documents\visual studio 2015\projects\laba3\laba3\debug\vc140.pdb
c:\users\user\documents\visual studio 2015\projects\laba3\laba3\debug\vc140.idb
c:\users\user\documents\visual studio 2015\projects\laba3\laba3\debug\continent.obj
c:\users\user\documents\visual studio 2015\projects\laba3\laba3\debug\island.obj
c:\users\user\documents\visual studio 2015\projects\laba3\laba3\debug\land.obj
c:\users\user\documents\visual studio 2015\projects\laba3\laba3\debug\sea.obj
c:\users\user\documents\visual studio 2015\projects\laba3\laba3\debug\state.obj
c:\users\user\documents\visual studio 2015\projects\laba3\laba3\debug\main.obj
e:\laba4 — копия\laba3\debug\vc140.pdb
e:\laba4 — копия\laba3\debug\vc140.idb
e:\laba4 — копия\laba3\debug\continent.obj
e:\laba4 — копия\laba3\debug\island.obj
e:\laba4 — копия\laba3\debug\land.obj
e:\laba4 — копия\laba3\debug\main.obj
e:\laba4 — копия\laba3\debug\sea.obj
e:\laba4 — копия\laba3\debug\state.obj
e:\laba4 — копия\laba3\debug\container.obj
e:\laba4 — копия\laba3\debug\controller.obj
c:\users\user\documents\visual studio 2015\projects\laba3\debug\laba3.ilk
c:\users\user\documents\visual studio 2015\projects\laba3\debug\laba3.exe
c:\users\user\documents\visual studio 2015\projects\laba3\debug\laba3.pdb
e:\laba4 — копия\debug\laba3.ilk
e:\laba4 — копия\debug\laba3.exe
e:\laba4 — копия\debug\laba3.pdb
e:\laba4 — копия\laba3\debug\laba3.tlog\cl.command.1.tlog
e:\laba4 — копия\laba3\debug\laba3.tlog\cl.read.1.tlog
e:\laba4 — копия\laba3\debug\laba3.tlog\cl.write.1.tlog
e:\laba4 — копия\laba3\debug\laba3.tlog\link.command.1.tlog
e:\laba4 — копия\laba3\debug\laba3.tlog\link.read.1.tlog
e:\laba4 — копия\laba3\debug\laba3.tlog\link.write.1.tlog
